<?xml version="1.0" encoding="UTF-8"?>
<!-- Generated by org.testng.reporters.JUnitReportReporter -->
<testsuite hostname="Hi-PC" failures="0" tests="1" name="vtiger.testcases.VtigerOrgTest" time="76.933" errors="0" timestamp="2021-11-15T17:07:12 IST" skipped="0">
  <testcase classname="vtiger.testcases.VtigerOrgTest" name="createorgtest" time="76.933"/>
  <system-out/>
</testsuite> <!-- vtiger.testcases.VtigerOrgTest -->
