<?xml version="1.0" encoding="UTF-8"?>
<!-- Generated by org.testng.reporters.JUnitReportReporter -->
<testsuite hostname="Hi-PC" failures="0" tests="1" name="com.practice.Lenskart" time="34.628" errors="0" timestamp="2021-11-11T16:33:28 IST" skipped="0">
  <testcase classname="com.practice.Lenskart" name="lenskart" time="34.628"/>
  <system-out/>
</testsuite> <!-- com.practice.Lenskart -->
