<?xml version="1.0" encoding="UTF-8"?>
<!-- Generated by org.testng.reporters.JUnitReportReporter -->
<testsuite hostname="Hi-PC" failures="0" tests="2" name="TestNGPractice.SampleTest" time="0.029" errors="0" timestamp="01 Nov 2021 06:28:43 GMT" skipped="0">
  <testcase classname="TestNGPractice.SampleTest" name="ModifyOrganisation" time="0.006"/>
  <testcase classname="TestNGPractice.SampleTest" name="CreateOrganisation" time="0.023"/>
</testsuite> <!-- TestNGPractice.SampleTest -->
