<?xml version="1.0" encoding="UTF-8"?>
<!-- Generated by org.testng.reporters.JUnitReportReporter -->
<testsuite hostname="Hi-PC" failures="0" tests="1" name="vtiger.testcases.OrgIndustryTest" time="56.467" errors="0" timestamp="2021-11-02T14:51:55 IST" skipped="0">
  <testcase classname="vtiger.testcases.OrgIndustryTest" name="orgindustrytest" time="56.467"/>
  <system-out/>
</testsuite> <!-- vtiger.testcases.OrgIndustryTest -->
