<?xml version="1.0" encoding="UTF-8"?>
<!-- Generated by org.testng.reporters.JUnitReportReporter -->
<testsuite hostname="Hi-PC" failures="0" tests="1" name="DDT.practise.ReadTheDataFromJasonFileTest" time="0.047" errors="0" timestamp="27 Oct 2021 07:21:18 GMT" skipped="0">
  <testcase classname="DDT.practise.ReadTheDataFromJasonFileTest" name="readthedatafromjasonfiletest" time="0.047"/>
</testsuite> <!-- DDT.practise.ReadTheDataFromJasonFileTest -->
