<?xml version="1.0" encoding="UTF-8"?>
<!-- Generated by org.testng.reporters.JUnitReportReporter -->
<testsuite hostname="Hi-PC" failures="0" tests="5" name="TestNGPractice.Prioritytest" time="0.040" errors="0" timestamp="2021-11-01T16:26:58 IST" skipped="0">
  <testcase classname="TestNGPractice.Prioritytest" name="login" time="0.022"/>
  <system-out/>
  <testcase classname="TestNGPractice.Prioritytest" name="createcampaign" time="0.004"/>
  <system-out/>
  <testcase classname="TestNGPractice.Prioritytest" name="createcon" time="0.005"/>
  <system-out/>
  <testcase classname="TestNGPractice.Prioritytest" name="createopp" time="0.005"/>
  <system-out/>
  <testcase classname="TestNGPractice.Prioritytest" name="logout" time="0.004"/>
  <system-out/>
</testsuite> <!-- TestNGPractice.Prioritytest -->
