<?xml version="1.0" encoding="UTF-8"?>
<!-- Generated by org.testng.reporters.JUnitReportReporter -->
<testsuite hostname="Hi-PC" failures="0" tests="1" name="OppurtunityModule.CreateOpportunitywithCampaignSource" time="97.884" errors="0" timestamp="2021-11-16T10:12:08 IST" skipped="0">
  <testcase classname="OppurtunityModule.CreateOpportunitywithCampaignSource" name="campainsource" time="97.884"/>
  <system-out/>
</testsuite> <!-- OppurtunityModule.CreateOpportunitywithCampaignSource -->
