<?xml version="1.0" encoding="UTF-8"?>
<!-- Generated by org.testng.reporters.JUnitReportReporter -->
<testsuite hostname="Hi-PC" failures="0" tests="1" name="vtiger.testcases.OrganisationModule" time="58.056" errors="0" timestamp="2021-11-16T17:17:27 IST" skipped="0">
  <testcase classname="vtiger.testcases.OrganisationModule" name="contactorgTest" time="58.056"/>
  <system-out>
    <![CDATA[organisation created
organisation done]]>
  </system-out>
</testsuite> <!-- vtiger.testcases.OrganisationModule -->
