<?xml version="1.0" encoding="UTF-8"?>
<!-- Generated by org.testng.reporters.JUnitReportReporter -->
<testsuite hostname="Hi-PC" failures="0" tests="1" name="vtiger.testcases.ContactOrgTest" time="79.288" errors="0" timestamp="2021-11-15T17:07:12 IST" skipped="0">
  <testcase classname="vtiger.testcases.ContactOrgTest" name="contactorgTest" time="79.288"/>
  <system-out>
    <![CDATA[organisation created
organisation done]]>
  </system-out>
</testsuite> <!-- vtiger.testcases.ContactOrgTest -->
