<?xml version="1.0" encoding="UTF-8"?>
<!-- Generated by org.testng.reporters.JUnitReportReporter -->
<testsuite hostname="Hi-PC" failures="0" tests="1" name="OppurtunityModule.CreateOpportunitywithSalesStageNeedsAnalysis" time="46.347" errors="0" timestamp="2021-11-15T17:37:39 IST" skipped="0">
  <testcase classname="OppurtunityModule.CreateOpportunitywithSalesStageNeedsAnalysis" name="salesstage" time="46.347"/>
  <system-out/>
</testsuite> <!-- OppurtunityModule.CreateOpportunitywithSalesStageNeedsAnalysis -->
