<?xml version="1.0" encoding="UTF-8"?>
<!-- Generated by org.testng.reporters.JUnitReportReporter -->
<testsuite hostname="Hi-PC" failures="0" tests="1" name="DDT.practise.CreateCustomerTest" time="0.047" errors="0" timestamp="27 Oct 2021 09:25:57 GMT" skipped="0">
  <testcase classname="DDT.practise.CreateCustomerTest" name="createCustomerTest" time="0.047"/>
</testsuite> <!-- DDT.practise.CreateCustomerTest -->
