<?xml version="1.0" encoding="UTF-8"?>
<!-- Generated by org.testng.reporters.JUnitReportReporter -->
<testsuite hostname="Hi-PC" failures="0" tests="1" name="JDC.practice.VerifyTheTableTest" time="0.865" errors="0" timestamp="28 Oct 2021 06:10:46 GMT" skipped="0">
  <testcase classname="JDC.practice.VerifyTheTableTest" name="verifythetabletest" time="0.865"/>
</testsuite> <!-- JDC.practice.VerifyTheTableTest -->
