<?xml version="1.0" encoding="UTF-8"?>
<!-- Generated by org.testng.reporters.JUnitReportReporter -->
<testsuite hostname="Hi-PC" failures="0" tests="1" name="JDC.practice.ExecuteQuery" time="0.899" errors="0" timestamp="28 Oct 2021 05:03:05 GMT" skipped="0">
  <testcase classname="JDC.practice.ExecuteQuery" name="executequerytest" time="0.899"/>
</testsuite> <!-- JDC.practice.ExecuteQuery -->
