<?xml version="1.0" encoding="UTF-8"?>
<!-- Generated by org.testng.reporters.JUnitReportReporter -->
<testsuite hostname="Hi-PC" failures="0" tests="1" name="JDC.practice.ExecuteUpdate" time="0.764" errors="0" timestamp="28 Oct 2021 06:54:37 GMT" skipped="0">
  <testcase classname="JDC.practice.ExecuteUpdate" name="executeupdate" time="0.764"/>
</testsuite> <!-- JDC.practice.ExecuteUpdate -->
