<?xml version="1.0" encoding="UTF-8"?>
<!-- Generated by org.testng.reporters.JUnitReportReporter -->
<testsuite hostname="Hi-PC" failures="0" tests="1" name="DDT.practise.ReadTheDataFromPropertiesFileTest" time="0.034" errors="0" timestamp="26 Oct 2021 08:04:28 GMT" skipped="0">
  <testcase classname="DDT.practise.ReadTheDataFromPropertiesFileTest" name="readDataFromPropertyFileTest" time="0.034"/>
</testsuite> <!-- DDT.practise.ReadTheDataFromPropertiesFileTest -->
